2020-05-02T16:33:05,428 [ERROR] (AddCarController.java:51) - Exception, user 1 : Table "USER" not found; SQL statement:
SELECT * FROM USER WHERE ID = 1 [42102-200]
2020-05-02T16:33:23,115 [ERROR] (AddCarController.java:51) - Exception, user 1 : Table "USER" not found; SQL statement:
SELECT * FROM USER WHERE ID = 1 [42102-200]
2020-05-02T16:35:31,145 [ERROR] (AddCarController.java:51) - Exception, user 1 : Table "USER" not found; SQL statement:
SELECT * FROM USER WHERE ID = 1 [42102-200]
2020-05-02T16:38:46,887 [ERROR] (AddCarController.java:51) - Exception, user 1 : Table "USER" not found; SQL statement:
SELECT * FROM USER WHERE ID = 1 [42102-200]
2020-05-02T16:38:58,167 [ERROR] (AddCarController.java:51) - Exception, user 1 : Table "USER" not found; SQL statement:
SELECT * FROM USER WHERE ID = 1 [42102-200]
2020-05-02T16:39:22,557 [ERROR] (AddCarController.java:51) - Exception, user 1 : Table "USER" not found; SQL statement:
SELECT * FROM USER WHERE ID = 1 [42102-200]
2020-05-02T16:40:49,543 [ERROR] (AddCarController.java:51) - Exception, user 1 : Table "USER" not found; SQL statement:
SELECT * FROM USER WHERE ID = 1 [42102-200]
2020-05-02T16:41:27,977 [ERROR] (AddCarController.java:53) - Exception, user 1 : Table "USER" not found; SQL statement:
SELECT * FROM USER WHERE ID = 1 [42102-200]
2020-05-02T16:44:52,676 [ERROR] (AddCarController.java:53) - Exception, user 1 : Table "USER" not found; SQL statement:
SELECT * FROM USER WHERE ID = 1 [42102-200]
2020-05-02T16:45:46,736 [ERROR] (AddCarController.java:53) - Exception, user 1 : Table "USER" not found; SQL statement:
SELECT * FROM USER WHERE ID = 1 [42102-200]
2020-05-02T16:47:05,681 [INFO ] (AddCarController.java:55) - Exception, user 1 : car number should have length between 1 and 8, 123123123231
2020-05-02T16:47:17,418 [INFO ] (AddCarController.java:55) - Exception, user 1 : car number should have length between 1 and 8, 123123123231
2020-05-02T16:47:55,735 [INFO ] (AddCarController.java:55) - Exception, user 1 : car number should have length between 1 and 8, 123123123231
2020-05-02T16:49:11,093 [INFO ] (AddCarController.java:55) - Exception, user 1 : car number should have length between 1 and 8, 123123123231
2020-05-02T16:49:47,149 [INFO ] (AddCarController.java:56) - Exception, user 1 : car number should have length between 1 and 8, 123123123231
2020-05-02T16:51:05,790 [INFO ] (AddCarController.java:56) - Exception, user 1 : car number should have length between 1 and 8, 123123123231
2020-05-02T16:52:30,267 [INFO ] (AddCarController.java:56) - Exception, user 1 : car number should have length between 1 and 8, 123123123231
2020-05-02T16:53:49,573 [INFO ] (AddCarController.java:56) - Exception, user 1 : car number should have length between 1 and 8, 123123123231
2020-05-02T16:54:07,834 [INFO ] (AddCarController.java:56) - Exception, user 1 : car number should have length between 1 and 8, 123123123231
2020-05-02T16:54:19,595 [INFO ] (AddCarController.java:56) - Exception, user 1 : car number should have length between 1 and 8, 123123123231
2020-05-02T16:54:31,257 [INFO ] (AddCarController.java:56) - Exception, user 1 : car number should have length between 1 and 8, 123123123231
2020-05-02T16:54:43,382 [INFO ] (AddCarController.java:56) - Exception, user 1 : car number should have length between 1 and 8, 123123123231
2020-05-02T16:58:17,719 [INFO ] (AddCarController.java:56) - Exception, user 1 : car number should have length between 1 and 8, 123123123231
2020-05-02T16:59:09,781 [INFO ] (AddCarController.java:56) - Exception, user 1 : car number should have length between 1 and 8, 123123123231
2020-05-02T17:00:21,382 [INFO ] (AddCarController.java:56) - Exception, user 1 : car number should have length between 1 and 8, 123123123231
2020-05-02T17:05:57,031 [INFO ] (AddCarController.java:56) - Exception, user 1 : car number should have length between 1 and 8, 123123123231
2020-05-02T17:06:09,607 [INFO ] (AddCarController.java:56) - Exception, user 1 : car number should have length between 1 and 8, 123123123231
2020-05-02T17:07:27,193 [ERROR] (ParkCarController.java:62) - Exception, user 1 : Table "USER" not found; SQL statement:
SELECT * FROM USER WHERE ID = 1 [42102-200]
2020-05-02T17:07:42,400 [ERROR] (ParkCarController.java:62) - Exception, user 1 : Table "USER" not found; SQL statement:
SELECT * FROM USER WHERE ID = 1 [42102-200]
2020-05-02T17:16:27,623 [ERROR] (ParkCarController.java:63) - Exception, user 1 : Table "USER" not found; SQL statement:
SELECT * FROM USER WHERE ID = 1 [42102-200]
2020-05-02T17:16:42,216 [INFO ] (ParkCarController.java:65) - Exception, user 1 : wrong parking place id, -1
2020-05-02T17:19:27,015 [INFO ] (ParkCarController.java:64) - Exception, user 1 : wrong parking place id, -1
2020-05-02T17:20:33,229 [INFO ] (ParkCarController.java:64) - Exception, user 1 : wrong parking place id, -1
2020-05-02T17:20:40,863 [INFO ] (AddCarController.java:56) - Exception, user 1 : car number should have length between 1 and 8, 123123123231
2020-05-02T17:29:26,865 [INFO ] (AddCarController.java:56) - Exception, user 1 : car number should have length between 1 and 8, 123123123231
2020-05-02T17:40:29,107 [INFO ] (AddCarController.java:56) - Exception, user 1 : car number should have length between 1 and 8, 123123123231
2020-05-02T17:40:31,651 [ERROR] (AccountOfUserController.java:34) - Exception, user null : Table "USER" not found; SQL statement:
SELECT * FROM USER WHERE ID = null [42102-200]
2020-05-02T17:40:43,067 [INFO ] (SignInSignUpController.java:66) - Exception : name should have length between 6 and 30, fgfg
2020-05-02T17:41:49,526 [ERROR] (ParkingPlaceController.java:34) - Exception, user null : Table "CAR" not found; SQL statement:
SELECT * FROM CAR WHERE NUMBER = 'null' [42102-200]
2020-05-02T17:43:04,246 [ERROR] (DeleteCarController.java:47) - Exception, user null : Table "USER" not found; SQL statement:
SELECT * FROM USER WHERE ID = null [42102-200]
2020-05-02T17:45:31,284 [INFO ] (AddCarController.java:55) - Exception, user 1 : car number should have length between 1 and 8, 123123123231
2020-05-02T17:45:38,236 [ERROR] (DeleteCarController.java:47) - Exception, user null : Table "USER" not found; SQL statement:
SELECT * FROM USER WHERE ID = null [42102-200]
2020-05-02T17:45:43,692 [INFO ] (ParkCarController.java:64) - Exception, user 1 : wrong parking place id, -1
2020-05-02T17:45:50,375 [ERROR] (ParkingPlaceController.java:34) - Exception, user null : Table "CAR" not found; SQL statement:
SELECT * FROM CAR WHERE NUMBER = 'null' [42102-200]
2020-05-02T17:45:54,988 [INFO ] (SignInSignUpController.java:66) - Exception : name should have length between 6 and 30, fgfg
2020-05-02T17:47:03,952 [ERROR] (DeleteCarController.java:47) - Exception, user null : Table "USER" not found; SQL statement:
SELECT * FROM USER WHERE ID = null [42102-200]
2020-05-02T17:47:50,128 [ERROR] (UnparkCarController.java:53) - Exception, user null : Table "USER" not found; SQL statement:
SELECT * FROM USER WHERE ID = null [42102-200]
